0 info it worked if it ends with ok
1 verbose cli [ '/usr/bin/nodejs', '/usr/bin/npm', 'install' ]
2 info using npm@1.3.10
3 info using node@v0.10.25
4 warn package.json @ No repository field.
5 verbose readDependencies using package.json deps
6 verbose install where, deps [ '/alx-backend-javascript',
6 verbose install   [ '@babel/core',
6 verbose install     '@babel/node',
6 verbose install     '@babel/preset-env',
6 verbose install     'eslint',
6 verbose install     'eslint-config-airbnb-base',
6 verbose install     'eslint-plugin-import',
6 verbose install     'eslint-plugin-jest',
6 verbose install     'jest' ] ]
7 info preinstall @
8 verbose readDependencies using package.json deps
9 verbose cache add [ '@babel/node@^7.8.0', null ]
10 verbose cache add name=undefined spec="@babel/node@^7.8.0" args=["@babel/node@^7.8.0",null]
11 verbose parsed url { protocol: null,
11 verbose parsed url   slashes: null,
11 verbose parsed url   auth: null,
11 verbose parsed url   host: null,
11 verbose parsed url   port: null,
11 verbose parsed url   hostname: null,
11 verbose parsed url   hash: null,
11 verbose parsed url   search: null,
11 verbose parsed url   query: null,
11 verbose parsed url   pathname: '@babel/node@^7.8.0',
11 verbose parsed url   path: '@babel/node@^7.8.0',
11 verbose parsed url   href: '@babel/node@^7.8.0' }
12 verbose cache add name="" spec="babel/node@^7.8.0" args=["","babel/node@^7.8.0"]
13 verbose parsed url { protocol: null,
13 verbose parsed url   slashes: null,
13 verbose parsed url   auth: null,
13 verbose parsed url   host: null,
13 verbose parsed url   port: null,
13 verbose parsed url   hostname: null,
13 verbose parsed url   hash: null,
13 verbose parsed url   search: null,
13 verbose parsed url   query: null,
13 verbose parsed url   pathname: 'babel/node@^7.8.0',
13 verbose parsed url   path: 'babel/node@^7.8.0',
13 verbose parsed url   href: 'babel/node@^7.8.0' }
14 verbose cache add name="babel/node" spec="^7.8.0" args=["babel/node","^7.8.0"]
15 verbose parsed url { protocol: null,
15 verbose parsed url   slashes: null,
15 verbose parsed url   auth: null,
15 verbose parsed url   host: null,
15 verbose parsed url   port: null,
15 verbose parsed url   hostname: null,
15 verbose parsed url   hash: null,
15 verbose parsed url   search: null,
15 verbose parsed url   query: null,
15 verbose parsed url   pathname: '^7.8.0',
15 verbose parsed url   path: '^7.8.0',
15 verbose parsed url   href: '^7.8.0' }
16 verbose addNamed [ 'babel/node', '^7.8.0' ]
17 verbose addNamed [ null, '>=7.8.0-0 <8.0.0-0' ]
18 verbose cache add [ '@babel/preset-env@^7.6.0', null ]
19 verbose cache add name=undefined spec="@babel/preset-env@^7.6.0" args=["@babel/preset-env@^7.6.0",null]
20 verbose parsed url { protocol: null,
20 verbose parsed url   slashes: null,
20 verbose parsed url   auth: null,
20 verbose parsed url   host: null,
20 verbose parsed url   port: null,
20 verbose parsed url   hostname: null,
20 verbose parsed url   hash: null,
20 verbose parsed url   search: null,
20 verbose parsed url   query: null,
20 verbose parsed url   pathname: '@babel/preset-env@^7.6.0',
20 verbose parsed url   path: '@babel/preset-env@^7.6.0',
20 verbose parsed url   href: '@babel/preset-env@^7.6.0' }
21 verbose cache add name="" spec="babel/preset-env@^7.6.0" args=["","babel/preset-env@^7.6.0"]
22 verbose parsed url { protocol: null,
22 verbose parsed url   slashes: null,
22 verbose parsed url   auth: null,
22 verbose parsed url   host: null,
22 verbose parsed url   port: null,
22 verbose parsed url   hostname: null,
22 verbose parsed url   hash: null,
22 verbose parsed url   search: null,
22 verbose parsed url   query: null,
22 verbose parsed url   pathname: 'babel/preset-env@^7.6.0',
22 verbose parsed url   path: 'babel/preset-env@^7.6.0',
22 verbose parsed url   href: 'babel/preset-env@^7.6.0' }
23 verbose cache add name="babel/preset-env" spec="^7.6.0" args=["babel/preset-env","^7.6.0"]
24 verbose parsed url { protocol: null,
24 verbose parsed url   slashes: null,
24 verbose parsed url   auth: null,
24 verbose parsed url   host: null,
24 verbose parsed url   port: null,
24 verbose parsed url   hostname: null,
24 verbose parsed url   hash: null,
24 verbose parsed url   search: null,
24 verbose parsed url   query: null,
24 verbose parsed url   pathname: '^7.6.0',
24 verbose parsed url   path: '^7.6.0',
24 verbose parsed url   href: '^7.6.0' }
25 verbose addNamed [ 'babel/preset-env', '^7.6.0' ]
26 verbose addNamed [ null, '>=7.6.0-0 <8.0.0-0' ]
27 verbose cache add [ 'eslint@^6.4.0', null ]
28 verbose cache add name=undefined spec="eslint@^6.4.0" args=["eslint@^6.4.0",null]
29 verbose parsed url { protocol: null,
29 verbose parsed url   slashes: null,
29 verbose parsed url   auth: null,
29 verbose parsed url   host: null,
29 verbose parsed url   port: null,
29 verbose parsed url   hostname: null,
29 verbose parsed url   hash: null,
29 verbose parsed url   search: null,
29 verbose parsed url   query: null,
29 verbose parsed url   pathname: 'eslint@^6.4.0',
29 verbose parsed url   path: 'eslint@^6.4.0',
29 verbose parsed url   href: 'eslint@^6.4.0' }
30 verbose cache add name="eslint" spec="^6.4.0" args=["eslint","^6.4.0"]
31 verbose parsed url { protocol: null,
31 verbose parsed url   slashes: null,
31 verbose parsed url   auth: null,
31 verbose parsed url   host: null,
31 verbose parsed url   port: null,
31 verbose parsed url   hostname: null,
31 verbose parsed url   hash: null,
31 verbose parsed url   search: null,
31 verbose parsed url   query: null,
31 verbose parsed url   pathname: '^6.4.0',
31 verbose parsed url   path: '^6.4.0',
31 verbose parsed url   href: '^6.4.0' }
32 verbose addNamed [ 'eslint', '^6.4.0' ]
33 verbose addNamed [ null, '>=6.4.0-0 <7.0.0-0' ]
34 silly makeCacheDir cache dir uid, gid [ 0, 0 ]
35 silly makeCacheDir cache dir uid, gid [ 0, 0 ]
36 verbose cache add [ 'eslint-plugin-import@^2.18.2', null ]
37 verbose cache add name=undefined spec="eslint-plugin-import@^2.18.2" args=["eslint-plugin-import@^2.18.2",null]
38 verbose parsed url { protocol: null,
38 verbose parsed url   slashes: null,
38 verbose parsed url   auth: null,
38 verbose parsed url   host: null,
38 verbose parsed url   port: null,
38 verbose parsed url   hostname: null,
38 verbose parsed url   hash: null,
38 verbose parsed url   search: null,
38 verbose parsed url   query: null,
38 verbose parsed url   pathname: 'eslint-plugin-import@^2.18.2',
38 verbose parsed url   path: 'eslint-plugin-import@^2.18.2',
38 verbose parsed url   href: 'eslint-plugin-import@^2.18.2' }
39 verbose cache add name="eslint-plugin-import" spec="^2.18.2" args=["eslint-plugin-import","^2.18.2"]
40 verbose parsed url { protocol: null,
40 verbose parsed url   slashes: null,
40 verbose parsed url   auth: null,
40 verbose parsed url   host: null,
40 verbose parsed url   port: null,
40 verbose parsed url   hostname: null,
40 verbose parsed url   hash: null,
40 verbose parsed url   search: null,
40 verbose parsed url   query: null,
40 verbose parsed url   pathname: '^2.18.2',
40 verbose parsed url   path: '^2.18.2',
40 verbose parsed url   href: '^2.18.2' }
41 verbose addNamed [ 'eslint-plugin-import', '^2.18.2' ]
42 verbose addNamed [ null, '>=2.18.2-0 <3.0.0-0' ]
43 silly lockFile b83dd719-eslint-plugin-import-2-18-2 eslint-plugin-import@^2.18.2
44 verbose lock eslint-plugin-import@^2.18.2 /root/.npm/b83dd719-eslint-plugin-import-2-18-2.lock
45 verbose cache add [ 'eslint-config-airbnb-base@^14.0.0', null ]
46 verbose cache add name=undefined spec="eslint-config-airbnb-base@^14.0.0" args=["eslint-config-airbnb-base@^14.0.0",null]
47 verbose parsed url { protocol: null,
47 verbose parsed url   slashes: null,
47 verbose parsed url   auth: null,
47 verbose parsed url   host: null,
47 verbose parsed url   port: null,
47 verbose parsed url   hostname: null,
47 verbose parsed url   hash: null,
47 verbose parsed url   search: null,
47 verbose parsed url   query: null,
47 verbose parsed url   pathname: 'eslint-config-airbnb-base@^14.0.0',
47 verbose parsed url   path: 'eslint-config-airbnb-base@^14.0.0',
47 verbose parsed url   href: 'eslint-config-airbnb-base@^14.0.0' }
48 verbose cache add name="eslint-config-airbnb-base" spec="^14.0.0" args=["eslint-config-airbnb-base","^14.0.0"]
49 verbose parsed url { protocol: null,
49 verbose parsed url   slashes: null,
49 verbose parsed url   auth: null,
49 verbose parsed url   host: null,
49 verbose parsed url   port: null,
49 verbose parsed url   hostname: null,
49 verbose parsed url   hash: null,
49 verbose parsed url   search: null,
49 verbose parsed url   query: null,
49 verbose parsed url   pathname: '^14.0.0',
49 verbose parsed url   path: '^14.0.0',
49 verbose parsed url   href: '^14.0.0' }
50 verbose addNamed [ 'eslint-config-airbnb-base', '^14.0.0' ]
51 verbose addNamed [ null, '>=14.0.0-0 <15.0.0-0' ]
52 silly lockFile c55c535b-eslint-config-airbnb-base-14-0-0 eslint-config-airbnb-base@^14.0.0
53 verbose lock eslint-config-airbnb-base@^14.0.0 /root/.npm/c55c535b-eslint-config-airbnb-base-14-0-0.lock
54 verbose cache add [ 'eslint-plugin-jest@^22.17.0', null ]
55 verbose cache add name=undefined spec="eslint-plugin-jest@^22.17.0" args=["eslint-plugin-jest@^22.17.0",null]
56 verbose parsed url { protocol: null,
56 verbose parsed url   slashes: null,
56 verbose parsed url   auth: null,
56 verbose parsed url   host: null,
56 verbose parsed url   port: null,
56 verbose parsed url   hostname: null,
56 verbose parsed url   hash: null,
56 verbose parsed url   search: null,
56 verbose parsed url   query: null,
56 verbose parsed url   pathname: 'eslint-plugin-jest@^22.17.0',
56 verbose parsed url   path: 'eslint-plugin-jest@^22.17.0',
56 verbose parsed url   href: 'eslint-plugin-jest@^22.17.0' }
57 verbose cache add name="eslint-plugin-jest" spec="^22.17.0" args=["eslint-plugin-jest","^22.17.0"]
58 verbose parsed url { protocol: null,
58 verbose parsed url   slashes: null,
58 verbose parsed url   auth: null,
58 verbose parsed url   host: null,
58 verbose parsed url   port: null,
58 verbose parsed url   hostname: null,
58 verbose parsed url   hash: null,
58 verbose parsed url   search: null,
58 verbose parsed url   query: null,
58 verbose parsed url   pathname: '^22.17.0',
58 verbose parsed url   path: '^22.17.0',
58 verbose parsed url   href: '^22.17.0' }
59 verbose addNamed [ 'eslint-plugin-jest', '^22.17.0' ]
60 verbose addNamed [ null, '>=22.17.0-0 <23.0.0-0' ]
61 silly lockFile d84ab553-eslint-plugin-jest-22-17-0 eslint-plugin-jest@^22.17.0
62 verbose lock eslint-plugin-jest@^22.17.0 /root/.npm/d84ab553-eslint-plugin-jest-22-17-0.lock
63 verbose cache add [ 'jest@^24.9.0', null ]
64 verbose cache add name=undefined spec="jest@^24.9.0" args=["jest@^24.9.0",null]
65 verbose parsed url { protocol: null,
65 verbose parsed url   slashes: null,
65 verbose parsed url   auth: null,
65 verbose parsed url   host: null,
65 verbose parsed url   port: null,
65 verbose parsed url   hostname: null,
65 verbose parsed url   hash: null,
65 verbose parsed url   search: null,
65 verbose parsed url   query: null,
65 verbose parsed url   pathname: 'jest@^24.9.0',
65 verbose parsed url   path: 'jest@^24.9.0',
65 verbose parsed url   href: 'jest@^24.9.0' }
66 verbose cache add name="jest" spec="^24.9.0" args=["jest","^24.9.0"]
67 verbose parsed url { protocol: null,
67 verbose parsed url   slashes: null,
67 verbose parsed url   auth: null,
67 verbose parsed url   host: null,
67 verbose parsed url   port: null,
67 verbose parsed url   hostname: null,
67 verbose parsed url   hash: null,
67 verbose parsed url   search: null,
67 verbose parsed url   query: null,
67 verbose parsed url   pathname: '^24.9.0',
67 verbose parsed url   path: '^24.9.0',
67 verbose parsed url   href: '^24.9.0' }
68 verbose addNamed [ 'jest', '^24.9.0' ]
69 verbose addNamed [ null, '>=24.9.0-0 <25.0.0-0' ]
70 silly lockFile e35b797d-jest-24-9-0 jest@^24.9.0
71 verbose lock jest@^24.9.0 /root/.npm/e35b797d-jest-24-9-0.lock
72 silly makeCacheDir cache dir uid, gid [ 0, 0 ]
73 verbose cache add [ '@babel/core@^7.6.0', null ]
74 verbose cache add name=undefined spec="@babel/core@^7.6.0" args=["@babel/core@^7.6.0",null]
75 verbose parsed url { protocol: null,
75 verbose parsed url   slashes: null,
75 verbose parsed url   auth: null,
75 verbose parsed url   host: null,
75 verbose parsed url   port: null,
75 verbose parsed url   hostname: null,
75 verbose parsed url   hash: null,
75 verbose parsed url   search: null,
75 verbose parsed url   query: null,
75 verbose parsed url   pathname: '@babel/core@^7.6.0',
75 verbose parsed url   path: '@babel/core@^7.6.0',
75 verbose parsed url   href: '@babel/core@^7.6.0' }
76 verbose cache add name="" spec="babel/core@^7.6.0" args=["","babel/core@^7.6.0"]
77 verbose parsed url { protocol: null,
77 verbose parsed url   slashes: null,
77 verbose parsed url   auth: null,
77 verbose parsed url   host: null,
77 verbose parsed url   port: null,
77 verbose parsed url   hostname: null,
77 verbose parsed url   hash: null,
77 verbose parsed url   search: null,
77 verbose parsed url   query: null,
77 verbose parsed url   pathname: 'babel/core@^7.6.0',
77 verbose parsed url   path: 'babel/core@^7.6.0',
77 verbose parsed url   href: 'babel/core@^7.6.0' }
78 verbose cache add name="babel/core" spec="^7.6.0" args=["babel/core","^7.6.0"]
79 verbose parsed url { protocol: null,
79 verbose parsed url   slashes: null,
79 verbose parsed url   auth: null,
79 verbose parsed url   host: null,
79 verbose parsed url   port: null,
79 verbose parsed url   hostname: null,
79 verbose parsed url   hash: null,
79 verbose parsed url   search: null,
79 verbose parsed url   query: null,
79 verbose parsed url   pathname: '^7.6.0',
79 verbose parsed url   path: '^7.6.0',
79 verbose parsed url   href: '^7.6.0' }
80 verbose addNamed [ 'babel/core', '^7.6.0' ]
81 verbose addNamed [ null, '>=7.6.0-0 <8.0.0-0' ]
82 silly lockFile a4e30b29-babel-core-7-6-0 babel/core@^7.6.0
83 verbose lock babel/core@^7.6.0 /root/.npm/a4e30b29-babel-core-7-6-0.lock
84 silly lockFile b947898b-babel-preset-env-7-6-0 babel/preset-env@^7.6.0
85 verbose lock babel/preset-env@^7.6.0 /root/.npm/b947898b-babel-preset-env-7-6-0.lock
86 silly addNameRange { name: 'eslint-plugin-import',
86 silly addNameRange   range: '>=2.18.2-0 <3.0.0-0',
86 silly addNameRange   hasData: false }
87 silly addNameRange { name: 'eslint-config-airbnb-base',
87 silly addNameRange   range: '>=14.0.0-0 <15.0.0-0',
87 silly addNameRange   hasData: false }
88 silly addNameRange { name: 'eslint-plugin-jest',
88 silly addNameRange   range: '>=22.17.0-0 <23.0.0-0',
88 silly addNameRange   hasData: false }
89 silly addNameRange { name: 'jest', range: '>=24.9.0-0 <25.0.0-0', hasData: false }
90 silly lockFile 14dcce51-eslint-6-4-0 eslint@^6.4.0
91 verbose lock eslint@^6.4.0 /root/.npm/14dcce51-eslint-6-4-0.lock
92 verbose url raw eslint-plugin-import
93 verbose url resolving [ 'https://registry.npmjs.org/', './eslint-plugin-import' ]
94 verbose url resolved https://registry.npmjs.org/eslint-plugin-import
95 info trying registry request attempt 1 at 18:49:26
96 http GET https://registry.npmjs.org/eslint-plugin-import
97 verbose url raw eslint-config-airbnb-base
98 verbose url resolving [ 'https://registry.npmjs.org/', './eslint-config-airbnb-base' ]
99 verbose url resolved https://registry.npmjs.org/eslint-config-airbnb-base
100 info trying registry request attempt 1 at 18:49:26
101 http GET https://registry.npmjs.org/eslint-config-airbnb-base
102 verbose url raw eslint-plugin-jest
103 verbose url resolving [ 'https://registry.npmjs.org/', './eslint-plugin-jest' ]
104 verbose url resolved https://registry.npmjs.org/eslint-plugin-jest
105 info trying registry request attempt 1 at 18:49:26
106 http GET https://registry.npmjs.org/eslint-plugin-jest
107 silly addNameRange { name: 'babel/core',
107 silly addNameRange   range: '>=7.6.0-0 <8.0.0-0',
107 silly addNameRange   hasData: false }
108 verbose url raw jest
109 verbose url resolving [ 'https://registry.npmjs.org/', './jest' ]
110 verbose url resolved https://registry.npmjs.org/jest
111 info trying registry request attempt 1 at 18:49:26
112 http GET https://registry.npmjs.org/jest
113 silly addNameRange { name: 'babel/preset-env',
113 silly addNameRange   range: '>=7.6.0-0 <8.0.0-0',
113 silly addNameRange   hasData: false }
114 verbose url raw babel/core
115 verbose url resolving [ 'https://registry.npmjs.org/', './babel/core' ]
116 verbose url resolved https://registry.npmjs.org/babel/core
117 info trying registry request attempt 1 at 18:49:27
118 http GET https://registry.npmjs.org/babel/core
119 silly lockFile 368556b6-babel-node-7-8-0 babel/node@^7.8.0
120 verbose lock babel/node@^7.8.0 /root/.npm/368556b6-babel-node-7-8-0.lock
121 verbose url raw babel/preset-env
122 verbose url resolving [ 'https://registry.npmjs.org/', './babel/preset-env' ]
123 verbose url resolved https://registry.npmjs.org/babel/preset-env
124 info trying registry request attempt 1 at 18:49:27
125 http GET https://registry.npmjs.org/babel/preset-env
126 silly addNameRange { name: 'eslint', range: '>=6.4.0-0 <7.0.0-0', hasData: false }
127 verbose url raw eslint
128 verbose url resolving [ 'https://registry.npmjs.org/', './eslint' ]
129 verbose url resolved https://registry.npmjs.org/eslint
130 info trying registry request attempt 1 at 18:49:27
131 http GET https://registry.npmjs.org/eslint
132 silly addNameRange { name: 'babel/node',
132 silly addNameRange   range: '>=7.8.0-0 <8.0.0-0',
132 silly addNameRange   hasData: false }
133 verbose url raw babel/node
134 verbose url resolving [ 'https://registry.npmjs.org/', './babel/node' ]
135 verbose url resolved https://registry.npmjs.org/babel/node
136 info trying registry request attempt 1 at 18:49:27
137 http GET https://registry.npmjs.org/babel/node
138 info retry will retry, error on last attempt: Error: CERT_UNTRUSTED
139 info retry will retry, error on last attempt: Error: CERT_UNTRUSTED
140 info retry will retry, error on last attempt: Error: CERT_UNTRUSTED
141 info retry will retry, error on last attempt: Error: CERT_UNTRUSTED
142 info retry will retry, error on last attempt: Error: CERT_UNTRUSTED
143 info retry will retry, error on last attempt: Error: CERT_UNTRUSTED
144 info retry will retry, error on last attempt: Error: CERT_UNTRUSTED
145 info retry will retry, error on last attempt: Error: CERT_UNTRUSTED
146 info trying registry request attempt 2 at 18:49:37
147 http GET https://registry.npmjs.org/eslint-plugin-import
148 info trying registry request attempt 2 at 18:49:37
149 http GET https://registry.npmjs.org/eslint-plugin-jest
150 info trying registry request attempt 2 at 18:49:37
151 http GET https://registry.npmjs.org/eslint-config-airbnb-base
152 info trying registry request attempt 2 at 18:49:37
153 http GET https://registry.npmjs.org/jest
154 info trying registry request attempt 2 at 18:49:37
155 http GET https://registry.npmjs.org/babel/core
156 info trying registry request attempt 2 at 18:49:37
157 http GET https://registry.npmjs.org/babel/preset-env
158 info trying registry request attempt 2 at 18:49:37
159 http GET https://registry.npmjs.org/babel/node
160 info trying registry request attempt 2 at 18:49:37
161 http GET https://registry.npmjs.org/eslint
162 info retry will retry, error on last attempt: Error: CERT_UNTRUSTED
163 info retry will retry, error on last attempt: Error: CERT_UNTRUSTED
164 info retry will retry, error on last attempt: Error: CERT_UNTRUSTED
165 info retry will retry, error on last attempt: Error: CERT_UNTRUSTED
166 info retry will retry, error on last attempt: Error: CERT_UNTRUSTED
167 info retry will retry, error on last attempt: Error: CERT_UNTRUSTED
168 info retry will retry, error on last attempt: Error: CERT_UNTRUSTED
169 info retry will retry, error on last attempt: Error: CERT_UNTRUSTED
170 info trying registry request attempt 3 at 18:50:37
171 http GET https://registry.npmjs.org/eslint-config-airbnb-base
172 silly lockFile c55c535b-eslint-config-airbnb-base-14-0-0 eslint-config-airbnb-base@^14.0.0
173 silly lockFile c55c535b-eslint-config-airbnb-base-14-0-0 eslint-config-airbnb-base@^14.0.0
174 error Error: CERT_UNTRUSTED
174 error     at SecurePair.<anonymous> (tls.js:1370:32)
174 error     at SecurePair.EventEmitter.emit (events.js:92:17)
174 error     at SecurePair.maybeInitFinished (tls.js:982:10)
174 error     at CleartextStream.read [as _read] (tls.js:469:13)
174 error     at CleartextStream.Readable.read (_stream_readable.js:320:10)
174 error     at EncryptedStream.write [as _write] (tls.js:366:25)
174 error     at doWrite (_stream_writable.js:223:10)
174 error     at writeOrBuffer (_stream_writable.js:213:5)
174 error     at EncryptedStream.Writable.write (_stream_writable.js:180:11)
174 error     at write (_stream_readable.js:583:24)
175 error If you need help, you may report this log at:
175 error     <http://github.com/isaacs/npm/issues>
175 error or email it to:
175 error     <npm-@googlegroups.com>
176 error System Linux 5.4.0-1049-aws
177 error command "/usr/bin/nodejs" "/usr/bin/npm" "install"
178 error cwd /alx-backend-javascript
179 error node -v v0.10.25
180 error npm -v 1.3.10
181 verbose exit [ 1, true ]
